sample.interval=20000
"gc" "system.time" "consensus_partition" 
"gc" "system.time" "consensus_partition" 
"gc" "system.time" "consensus_partition" 
"gc" "system.time" "consensus_partition" 
"gc" "system.time" "consensus_partition" 
"gc" "system.time" "consensus_partition" 
"gc" "system.time" "consensus_partition" 
"gc" "system.time" "consensus_partition" 
"gc" "system.time" "consensus_partition" 
"gc" "system.time" "consensus_partition" 
"gc" "system.time" "consensus_partition" 
"gc" "system.time" "consensus_partition" 
"base::cat" "cat" "qqcat" ".consensus_partition" "system.time" "consensus_partition" 
"getwd" "srcfilecopy" "parse" "eval" "FUN" "lapply" "qq" "qqcat" ".consensus_partition" "system.time" "consensus_partition" 
"getwd" "srcfilecopy" "parse" "eval" "FUN" "lapply" "qq" "qqcat" ".consensus_partition" "system.time" "consensus_partition" 
"cat" ".consensus_partition" "system.time" "consensus_partition" 
"getwd" "srcfilecopy" "parse" "eval" "FUN" "lapply" "qq" "qqcat" ".consensus_partition" "system.time" "consensus_partition" 
"cat" ".consensus_partition" "system.time" "consensus_partition" 
"standardGeneric" "t" "as.matrix" "dist" "hclust" "<Anonymous>" "do.call" "standardGeneric" "do.call" "partition_fun" ".consensus_partition" "system.time" "consensus_partition" 
"getwd" "srcfilecopy" "parse" "eval" "FUN" "lapply" "qq" "qqcat" ".consensus_partition" "system.time" "consensus_partition" 
"base::cat" "cat" "qqcat" ".consensus_partition" "system.time" "consensus_partition" 
"cat" ".consensus_partition" "system.time" "consensus_partition" 
"unlist" "simplify2array" "sapply" "qq.options" "cat" "qqcat" ".consensus_partition" "system.time" "consensus_partition" 
"cat" ".consensus_partition" "system.time" "consensus_partition" 
"lapply" "unlist" "order" "make.names" "data.frame" "eval" "eval" "standardGeneric" "eval" "standardGeneric" "rbind" ".consensus_partition" "system.time" "consensus_partition" 
"base::cat" "cat" "qqcat" ".consensus_partition" "system.time" "consensus_partition" 
"opt$refresh" "FUN" "lapply" "qq.options" "qq" "qqcat" ".consensus_partition" "system.time" "consensus_partition" 
"getwd" "srcfilecopy" "parse" "eval" "FUN" "lapply" "qq" "qqcat" ".consensus_partition" "system.time" "consensus_partition" 
"base::cat" "cat" "qqcat" ".consensus_partition" "system.time" "consensus_partition" 
"cl_partition_by_class_ids" "as.cl_hard_partition" "partition_fun" ".consensus_partition" "system.time" "consensus_partition" 
"base::cat" "cat" "qqcat" ".consensus_partition" "system.time" "consensus_partition" 
"getwd" "srcfilecopy" "parse" "eval" "FUN" "lapply" "qq" "qqcat" ".consensus_partition" "system.time" "consensus_partition" 
"eval" "eval" "match.arg" "order" "sort.int" "sort.default" "sort" "sort_levels_values_vec" "sort_levels_values" "cutree.hclust" "cutree" "<Anonymous>" "do.call" "standardGeneric" "do.call" "partition_fun" ".consensus_partition" "system.time" "consensus_partition" 
"getwd" "srcfilecopy" "parse" "eval" "FUN" "lapply" "qq" "qqcat" ".consensus_partition" "system.time" "consensus_partition" 
"cat" ".consensus_partition" "system.time" "consensus_partition" 
"base::cat" "cat" "qqcat" ".consensus_partition" "system.time" "consensus_partition" 
"cat" ".consensus_partition" "system.time" "consensus_partition" 
"names" "names" "data.frame" "eval" "eval" "standardGeneric" "eval" "standardGeneric" "rbind" ".consensus_partition" "system.time" "consensus_partition" 
"base::cat" "cat" "qqcat" ".consensus_partition" "system.time" "consensus_partition" 
"getwd" "srcfilecopy" "parse" "eval" "FUN" "lapply" "qq" "qqcat" ".consensus_partition" "system.time" "consensus_partition" 
"base::cat" "cat" "qqcat" ".consensus_partition" "system.time" "consensus_partition" 
"getwd" "srcfilecopy" "parse" "eval" "FUN" "lapply" "qq" "qqcat" ".consensus_partition" "system.time" "consensus_partition" 
"cat" ".consensus_partition" "system.time" "consensus_partition" 
"as.environment" "as.environment" "$" "$" "opt$refresh" "FUN" "lapply" "qq.options" "cat" "qqcat" ".consensus_partition" "system.time" "consensus_partition" 
"getwd" "srcfilecopy" "parse" "eval" "FUN" "lapply" "qq" "qqcat" ".consensus_partition" "system.time" "consensus_partition" 
"base::cat" "cat" "qqcat" ".consensus_partition" "system.time" "consensus_partition" 
"sapply" "qq.options" "qqcat" ".consensus_partition" "system.time" "consensus_partition" 
"cat" ".consensus_partition" "system.time" "consensus_partition" 
"base::cat" "cat" "qqcat" ".consensus_partition" "system.time" "consensus_partition" 
"cat" ".consensus_partition" "system.time" "consensus_partition" 
"deparse" "paste" "force" "as.data.frame.integer" "as.data.frame" "data.frame" "eval" "eval" "standardGeneric" "eval" "standardGeneric" "rbind" ".consensus_partition" "system.time" "consensus_partition" 
"base::cat" "cat" "qqcat" ".consensus_partition" "system.time" "consensus_partition" 
"as.environment" "as.environment" "$<-" "$<-" "opt$refresh" "FUN" "lapply" "qq.options" "qq" "qqcat" ".consensus_partition" "system.time" "consensus_partition" 
"cat" ".consensus_partition" "system.time" "consensus_partition" 
"cat" ".consensus_partition" "system.time" "consensus_partition" 
"unique" ".make_container" "cl_partition_by_class_ids" "as.cl_hard_partition" "partition_fun" ".consensus_partition" "system.time" "consensus_partition" 
"base::cat" "cat" "qqcat" ".consensus_partition" "system.time" "consensus_partition" 
"getwd" "srcfilecopy" "parse" "eval" "FUN" "lapply" "qq" "qqcat" ".consensus_partition" "system.time" "consensus_partition" 
"base::cat" "cat" "qqcat" ".consensus_partition" "system.time" "consensus_partition" 
"cat" ".consensus_partition" "system.time" "consensus_partition" 
"base::cat" "cat" "qqcat" ".consensus_partition" "system.time" "consensus_partition" 
"cat" ".consensus_partition" "system.time" "consensus_partition" 
"getwd" "srcfilecopy" "parse" "eval" "FUN" "lapply" "qq" "qqcat" ".consensus_partition" "system.time" "consensus_partition" 
"base::cat" "cat" "qqcat" ".consensus_partition" "system.time" "consensus_partition" 
"cat" ".consensus_partition" "system.time" "consensus_partition" 
"base::cat" "cat" "qqcat" ".consensus_partition" "system.time" "consensus_partition" 
"as.character" "factor" "sort_levels_values_vec" "sort_levels_values" "cutree.hclust" "cutree" "<Anonymous>" "do.call" "standardGeneric" "do.call" "partition_fun" ".consensus_partition" "system.time" "consensus_partition" 
"getwd" "srcfilecopy" "parse" "eval" "FUN" "lapply" "qq" "qqcat" ".consensus_partition" "system.time" "consensus_partition" 
"base::cat" "cat" "qqcat" ".consensus_partition" "system.time" "consensus_partition" 
"$<-" "$<-" ".self$refresh" "opt$get" "FUN" "lapply" "qq.options" "cat" "qqcat" ".consensus_partition" "system.time" "consensus_partition" 
"getOption" "topenv" "qq.options" "cat" "qqcat" ".consensus_partition" "system.time" "consensus_partition" 
"base::cat" "cat" "qqcat" ".consensus_partition" "system.time" "consensus_partition" 
"opt$refresh" "FUN" "lapply" "qq.options" "qq" "qqcat" ".consensus_partition" "system.time" "consensus_partition" 
"$" "$" "opt$refresh" "FUN" "lapply" "qq.options" "cat" "qqcat" ".consensus_partition" "system.time" "consensus_partition" 
"cat" ".consensus_partition" "system.time" "consensus_partition" 
"getwd" "srcfilecopy" "parse" "eval" "FUN" "lapply" "qq" "qqcat" ".consensus_partition" "system.time" "consensus_partition" 
"dist" "hclust" "<Anonymous>" "do.call" "standardGeneric" "do.call" "partition_fun" ".consensus_partition" "system.time" "consensus_partition" 
"standardGeneric" "rbind" ".consensus_partition" "system.time" "consensus_partition" 
"unlist" "simplify2array" "sapply" "qq.options" "cat" "qqcat" ".consensus_partition" "system.time" "consensus_partition" 
"cat" ".consensus_partition" "system.time" "consensus_partition" 
"getwd" "srcfilecopy" "parse" "eval" "FUN" "lapply" "qq" "qqcat" ".consensus_partition" "system.time" "consensus_partition" 
"base::cat" "cat" "qqcat" ".consensus_partition" "system.time" "consensus_partition" 
".Fortran" "hclust" "<Anonymous>" "do.call" "standardGeneric" "do.call" "partition_fun" ".consensus_partition" "system.time" "consensus_partition" 
"getwd" "srcfilecopy" "parse" "eval" "FUN" "lapply" "qq" "qqcat" ".consensus_partition" "system.time" "consensus_partition" 
"getwd" "srcfilecopy" "parse" "eval" "FUN" "lapply" "qq" "qqcat" ".consensus_partition" "system.time" "consensus_partition" 
"base::cat" "cat" "qqcat" ".consensus_partition" "system.time" "consensus_partition" 
"unique" "n_of_classes.default" "n_of_classes" "n_of_classes.cl_partition" "n_of_classes" "partition_fun" ".consensus_partition" "system.time" "consensus_partition" 
"as.environment" "as.environment" "$<-" "$<-" "opt$refresh" "FUN" "lapply" "qq.options" "cat" "qqcat" ".consensus_partition" "system.time" "consensus_partition" 
"data.frame" "eval" "eval" "standardGeneric" "eval" "standardGeneric" "rbind" ".consensus_partition" "system.time" "consensus_partition" 
"getwd" "srcfilecopy" "parse" "eval" "FUN" "lapply" "qq" "qqcat" ".consensus_partition" "system.time" "consensus_partition" 
"base::cat" "cat" "qqcat" ".consensus_partition" "system.time" "consensus_partition" 
".Fortran" "hclust" "<Anonymous>" "do.call" "standardGeneric" "do.call" "partition_fun" ".consensus_partition" "system.time" "consensus_partition" 
"getwd" "srcfilecopy" "parse" "eval" "FUN" "lapply" "qq" "qqcat" ".consensus_partition" "system.time" "consensus_partition" 
"base::cat" "cat" "qqcat" ".consensus_partition" "system.time" "consensus_partition" 
"cat" ".consensus_partition" "system.time" "consensus_partition" 
"getwd" "srcfilecopy" "parse" "eval" "FUN" "lapply" "qq" "qqcat" ".consensus_partition" "system.time" "consensus_partition" 
"cat" ".consensus_partition" "system.time" "consensus_partition" 
"exists" "$" "$" "inherits" "opt$refresh" "FUN" "lapply" "qq.options" "qqcat" ".consensus_partition" "system.time" "consensus_partition" 
"base::cat" "cat" "qqcat" ".consensus_partition" "system.time" "consensus_partition" 
"cat" ".consensus_partition" "system.time" "consensus_partition" 
"getClassDef" "refObjectClass" "envRefSetField" "$<-" "$<-" ".self$refresh" "opt$get" "FUN" "lapply" "qq.options" "cat" "qqcat" ".consensus_partition" "system.time" "consensus_partition" 
"FUN" "lapply" "sapply" "cl_ensemble" "construct_consensus_object" "FUN" "lapply" "standardGeneric" "lapply" ".consensus_partition" "system.time" "consensus_partition" 
".make_cl_membership" ".cl_membership_from_class_ids" "cl_membership.default" "cl_membership" "cl_membership.cl_partition" "FUN" "lapply" ".cl_consensus_partition_AOS" "method" "cl_consensus" "construct_consensus_object" "FUN" "lapply" "standardGeneric" "lapply" ".consensus_partition" "system.time" "consensus_partition" 
"crossprod" "solve_LSAP" "FUN" "lapply" ".cl_consensus_partition_AOS" "method" "cl_consensus" "construct_consensus_object" "FUN" "lapply" "standardGeneric" "lapply" ".consensus_partition" "system.time" "consensus_partition" 
"cl_membership" "cl_membership.cl_partition" "cl_membership" "construct_consensus_object" "FUN" "lapply" "standardGeneric" "lapply" ".consensus_partition" "system.time" "consensus_partition" 
"[[" "lapply" ".cl_consensus_partition_AOS" "method" "cl_consensus" "FUN" "lapply" "tapply" "standardGeneric" "tapply" "construct_consensus_object" "FUN" "lapply" "standardGeneric" "lapply" ".consensus_partition" "system.time" "consensus_partition" 
".cl_membership_from_class_ids" "cl_membership.default" "cl_membership" "cl_membership.cl_partition" "FUN" "lapply" ".cl_consensus_partition_AOS" "method" "cl_consensus" "FUN" "lapply" "tapply" "standardGeneric" "tapply" "construct_consensus_object" "FUN" "lapply" "standardGeneric" "lapply" ".consensus_partition" "system.time" "consensus_partition" 
"relabel_class" "FUN" "lapply" "standardGeneric" "lapply" "standardGeneric" "do.call" "construct_consensus_object" "FUN" "lapply" "standardGeneric" "lapply" ".consensus_partition" "system.time" "consensus_partition" 
"%in%" ".deparseOpts" "deparse" "as.data.frame.character" "as.data.frame" "data.frame" "relabel_class" "FUN" "lapply" "standardGeneric" "lapply" "standardGeneric" "do.call" "construct_consensus_object" "FUN" "lapply" "standardGeneric" "lapply" ".consensus_partition" "system.time" "consensus_partition" 
"standardGeneric" "eval" "standardGeneric" "table" "relabel_class" "FUN" "lapply" "standardGeneric" "lapply" "standardGeneric" "do.call" "construct_consensus_object" "FUN" "lapply" "standardGeneric" "lapply" ".consensus_partition" "system.time" "consensus_partition" 
"standardGeneric" "rownames" "structure" "relabel_class" "FUN" "lapply" "standardGeneric" "lapply" "standardGeneric" "do.call" "construct_consensus_object" "FUN" "lapply" "standardGeneric" "lapply" ".consensus_partition" "system.time" "consensus_partition" 
"base::table" "table" "eval" "eval" "standardGeneric" "eval" "standardGeneric" "table" "relabel_class" "FUN" "lapply" "standardGeneric" "lapply" "standardGeneric" "do.call" "construct_consensus_object" "FUN" "lapply" "standardGeneric" "lapply" ".consensus_partition" "system.time" "consensus_partition" 
"as.character" "relabel_class" "FUN" "lapply" "standardGeneric" "lapply" "standardGeneric" "do.call" "construct_consensus_object" "FUN" "lapply" "standardGeneric" "lapply" ".consensus_partition" "system.time" "consensus_partition" 
"construct_consensus_object" "FUN" "lapply" "standardGeneric" "lapply" ".consensus_partition" "system.time" "consensus_partition" 
"construct_consensus_object" "FUN" "lapply" "standardGeneric" "lapply" ".consensus_partition" "system.time" "consensus_partition" 
"getwd" "srcfilecopy" "parse" "eval" "FUN" "lapply" "qq" "qqcat" "construct_consensus_object" "FUN" "lapply" "standardGeneric" "lapply" ".consensus_partition" "system.time" "consensus_partition" 
"opt$refresh" "FUN" "lapply" "qq.options" "qq" "qqcat" "FUN" "lapply" "standardGeneric" "lapply" ".consensus_partition" "system.time" "consensus_partition" 
"attr" "levels.default" "levels" "nlevels" ".cl_membership_from_class_ids" "cl_membership.default" "cl_membership" "cl_membership.cl_partition" "FUN" "lapply" ".cl_consensus_partition_AOS" "method" "cl_consensus" "construct_consensus_object" "FUN" "lapply" "standardGeneric" "lapply" ".consensus_partition" "system.time" "consensus_partition" 
"[[" "lapply" ".cl_consensus_partition_AOS" "method" "cl_consensus" "construct_consensus_object" "FUN" "lapply" "standardGeneric" "lapply" ".consensus_partition" "system.time" "consensus_partition" 
"getwd" "srcfilecopy" "parse" "eval" "FUN" "lapply" "qq" "qqcat" "construct_consensus_object" "FUN" "lapply" "standardGeneric" "lapply" ".consensus_partition" "system.time" "consensus_partition" 
"array" "simplify2array" "mapply" "is.data.frame" "rowSums" "matrix" ".weighted_sum_of_matrices" "fit_M" ".cl_consensus_partition_AOS" "method" "cl_consensus" "FUN" "lapply" "tapply" "standardGeneric" "tapply" "construct_consensus_object" "FUN" "lapply" "standardGeneric" "lapply" ".consensus_partition" "system.time" "consensus_partition" 
"as.character.default" "as.character" "as.character" "factor" ".cl_membership_from_class_ids" "cl_membership.default" "cl_membership" "cl_membership.cl_partition" "FUN" "lapply" ".cl_consensus_partition_AOS" "method" "cl_consensus" "FUN" "lapply" "tapply" "standardGeneric" "tapply" "construct_consensus_object" "FUN" "lapply" "standardGeneric" "lapply" ".consensus_partition" "system.time" "consensus_partition" 
"lapply" "standardGeneric" "lapply" "standardGeneric" "table" "relabel_class" "FUN" "lapply" "standardGeneric" "lapply" "standardGeneric" "do.call" "construct_consensus_object" "FUN" "lapply" "standardGeneric" "lapply" ".consensus_partition" "system.time" "consensus_partition" 
"structure" "as.data.frame.vector" "as.data.frame.character" "as.data.frame" "data.frame" "relabel_class" "FUN" "lapply" "standardGeneric" "lapply" "standardGeneric" "do.call" "construct_consensus_object" "FUN" "lapply" "standardGeneric" "lapply" ".consensus_partition" "system.time" "consensus_partition" 
"factor" "base::table" "table" "eval" "eval" "standardGeneric" "eval" "standardGeneric" "table" "relabel_class" "FUN" "lapply" "standardGeneric" "lapply" "standardGeneric" "do.call" "construct_consensus_object" "FUN" "lapply" "standardGeneric" "lapply" ".consensus_partition" "system.time" "consensus_partition" 
"as.character" "relabel_class" "FUN" "lapply" "standardGeneric" "lapply" "standardGeneric" "do.call" "construct_consensus_object" "FUN" "lapply" "standardGeneric" "lapply" ".consensus_partition" "system.time" "consensus_partition" 
"[[" "FUN" "lapply" "standardGeneric" "lapply" "standardGeneric" "do.call" "construct_consensus_object" "FUN" "lapply" "standardGeneric" "lapply" ".consensus_partition" "system.time" "consensus_partition" 
"factor" "base::table" "table" "eval" "eval" "standardGeneric" "eval" "standardGeneric" "table" "relabel_class" "FUN" "lapply" "standardGeneric" "lapply" "standardGeneric" "do.call" "construct_consensus_object" "FUN" "lapply" "standardGeneric" "lapply" ".consensus_partition" "system.time" "consensus_partition" 
"construct_consensus_object" "FUN" "lapply" "standardGeneric" "lapply" ".consensus_partition" "system.time" "consensus_partition" 
"construct_consensus_object" "FUN" "lapply" "standardGeneric" "lapply" ".consensus_partition" "system.time" "consensus_partition" 
"dist" "as.dist" "silhouette.default" "silhouette" "construct_consensus_object" "FUN" "lapply" "standardGeneric" "lapply" ".consensus_partition" "system.time" "consensus_partition" 
"c" "as.vector" "seq.default" "seq" "PAC" "construct_consensus_object" "FUN" "lapply" "standardGeneric" "lapply" ".consensus_partition" "system.time" "consensus_partition" 
"unique" "factor" ".cl_membership_from_class_ids" "cl_membership.default" "cl_membership" "cl_membership.cl_partition" "FUN" "lapply" ".cl_consensus_partition_AOS" "method" "cl_consensus" "construct_consensus_object" "FUN" "lapply" "standardGeneric" "lapply" ".consensus_partition" "system.time" "consensus_partition" 
"unique.default" "unique" "n_of_classes.default" "n_of_classes" "cl_membership" "cl_membership.cl_partition" "FUN" "lapply" ".cl_consensus_partition_AOS" "method" "cl_consensus" "construct_consensus_object" "FUN" "lapply" "standardGeneric" "lapply" ".consensus_partition" "system.time" "consensus_partition" 
"FUN" "lapply" ".cl_consensus_partition_AOS" "method" "cl_consensus" "construct_consensus_object" "FUN" "lapply" "standardGeneric" "lapply" ".consensus_partition" "system.time" "consensus_partition" 
"getwd" "srcfilecopy" "parse" "eval" "FUN" "lapply" "qq" "qqcat" "construct_consensus_object" "FUN" "lapply" "standardGeneric" "lapply" ".consensus_partition" "system.time" "consensus_partition" 
"match.fun" "lapply" "unlist" "order" "sort.list" "factor" ".cl_membership_from_class_ids" "cl_membership.default" "cl_membership" "cl_membership.cl_partition" "FUN" "lapply" ".cl_consensus_partition_AOS" "method" "cl_consensus" "FUN" "lapply" "tapply" "standardGeneric" "tapply" "construct_consensus_object" "FUN" "lapply" "standardGeneric" "lapply" ".consensus_partition" "system.time" "consensus_partition" 
"$" ".get_representation" "n_of_classes" "cl_membership" "cl_membership.cl_partition" "FUN" "lapply" ".cl_consensus_partition_AOS" "method" "cl_consensus" "FUN" "lapply" "tapply" "standardGeneric" "tapply" "construct_consensus_object" "FUN" "lapply" "standardGeneric" "lapply" ".consensus_partition" "system.time" "consensus_partition" 
".C" "solve_LSAP" "FUN" "lapply" ".cl_consensus_partition_AOS" "method" "cl_consensus" "FUN" "lapply" "tapply" "standardGeneric" "tapply" "construct_consensus_object" "FUN" "lapply" "standardGeneric" "lapply" ".consensus_partition" "system.time" "consensus_partition" 
"standardGeneric" "union" "relabel_class" "FUN" "lapply" "standardGeneric" "lapply" "standardGeneric" "do.call" "construct_consensus_object" "FUN" "lapply" "standardGeneric" "lapply" ".consensus_partition" "system.time" "consensus_partition" 
"names" "as.data.frame.vector" "as.data.frame.character" "as.data.frame" "data.frame" "relabel_class" "FUN" "lapply" "standardGeneric" "lapply" "standardGeneric" "do.call" "construct_consensus_object" "FUN" "lapply" "standardGeneric" "lapply" ".consensus_partition" "system.time" "consensus_partition" 
"list.names" "base::table" "table" "eval" "eval" "standardGeneric" "eval" "standardGeneric" "table" "relabel_class" "FUN" "lapply" "standardGeneric" "lapply" "standardGeneric" "do.call" "construct_consensus_object" "FUN" "lapply" "standardGeneric" "lapply" ".consensus_partition" "system.time" "consensus_partition" 
"as.character" "FUN" "lapply" "standardGeneric" "lapply" "standardGeneric" "do.call" "construct_consensus_object" "FUN" "lapply" "standardGeneric" "lapply" ".consensus_partition" "system.time" "consensus_partition" 
"%in%" "structure" "as.data.frame.vector" "as.data.frame.character" "as.data.frame" "data.frame" "relabel_class" "FUN" "lapply" "standardGeneric" "lapply" "standardGeneric" "do.call" "construct_consensus_object" "FUN" "lapply" "standardGeneric" "lapply" ".consensus_partition" "system.time" "consensus_partition" 
"sort" "methods:::.selectDotsMethod" "standardGeneric" "table" "relabel_class" "FUN" "lapply" "standardGeneric" "lapply" "standardGeneric" "do.call" "construct_consensus_object" "FUN" "lapply" "standardGeneric" "lapply" ".consensus_partition" "system.time" "consensus_partition" 
"standardGeneric" "ncol" "construct_consensus_object" "FUN" "lapply" "standardGeneric" "lapply" ".consensus_partition" "system.time" "consensus_partition" 
"construct_consensus_object" "FUN" "lapply" "standardGeneric" "lapply" ".consensus_partition" "system.time" "consensus_partition" 
"FUN" "apply" "data.frame" "construct_consensus_object" "FUN" "lapply" "standardGeneric" "lapply" ".consensus_partition" "system.time" "consensus_partition" 
"gc" ".consensus_partition" "system.time" "consensus_partition" 
"gc" ".consensus_partition" "system.time" "consensus_partition" 
"gc" ".consensus_partition" "system.time" "consensus_partition" 
"gc" ".consensus_partition" "system.time" "consensus_partition" 
"gc" ".consensus_partition" "system.time" "consensus_partition" 
"gc" ".consensus_partition" "system.time" "consensus_partition" 
"gc" ".consensus_partition" "system.time" "consensus_partition" 
"gc" ".consensus_partition" "system.time" "consensus_partition" 
"gc" ".consensus_partition" "system.time" "consensus_partition" 
"gc" ".consensus_partition" "system.time" "consensus_partition" 
"gc" ".consensus_partition" "system.time" "consensus_partition" 
"as.character" ".consensus_partition" "system.time" "consensus_partition" 
"grep" "ls" "apropos" "normalCompletions" ".completeToken" 
